<?xml version="1.0" encoding="UTF-8" standalone="no"?>
<!DOCTYPE log SYSTEM "logger.dtd">
<log>
<record>
  <date>2019-05-27T16:25:27.956-0300</date>
  <logger>HIGOR SANTOS DE BRITO DANTAS</logger>
  <level>FINE</level>
  <message>File 118110808-HIGOR SANTOS DE BRITO DANTAS.zip was received. It was sent by HIGOR SANTOS DE BRITO DANTAS from IP 150.165.42.162 at 27-05-2019 16*25*27</message>
</record>
</log>
<?xml version="1.0" encoding="UTF-8" standalone="no"?>
<!DOCTYPE log SYSTEM "logger.dtd">
<log>
<record>
  <date>2019-05-28T23:42:25.959-0300</date>
  <logger>HIGOR SANTOS DE BRITO DANTAS</logger>
  <level>FINE</level>
  <message>File 118110808-HIGOR SANTOS DE BRITO DANTAS.zip was received. It was sent by HIGOR SANTOS DE BRITO DANTAS from IP 192.168.15.5 at 28-05-2019 23*42*25</message>
</record>
</log>
<?xml version="1.0" encoding="UTF-8" standalone="no"?>
<!DOCTYPE log SYSTEM "logger.dtd">
<log>
<record>
  <date>2019-05-28T23:50:38.839-0300</date>
  <logger>HIGOR SANTOS DE BRITO DANTAS</logger>
  <level>FINE</level>
  <message>File 118110808-HIGOR SANTOS DE BRITO DANTAS.zip was received. It was sent by HIGOR SANTOS DE BRITO DANTAS from IP 192.168.15.5 at 28-05-2019 23*50*38</message>
</record>
