<?xml version="1.0" encoding="UTF-8" standalone="no"?>
<!DOCTYPE log SYSTEM "logger.dtd">
<log>
<record>
  <date>2019-04-01T16:27:36.120-0300</date>
  <logger>HIGOR SANTOS DE BRITO DANTAS</logger>
  <level>FINE</level>
  <message>File 118110808-HIGOR SANTOS DE BRITO DANTAS.zip was received. It was sent by HIGOR SANTOS DE BRITO DANTAS from IP 150.165.42.164</message>
</record>
</log>
<?xml version="1.0" encoding="UTF-8" standalone="no"?>
<!DOCTYPE log SYSTEM "logger.dtd">
<log>
<record>
  <date>2019-04-02T00:12:46.302-0300</date>
  <logger>HIGOR SANTOS DE BRITO DANTAS</logger>
  <level>FINE</level>
  <message>File 118110808-HIGOR SANTOS DE BRITO DANTAS.zip was received. It was sent by HIGOR SANTOS DE BRITO DANTAS from IP 192.168.15.7</message>
</record>
</log>
<?xml version="1.0" encoding="UTF-8" standalone="no"?>
<!DOCTYPE log SYSTEM "logger.dtd">
<log>
<record>
  <date>2019-04-02T00:22:24.879-0300</date>
  <logger>HIGOR SANTOS DE BRITO DANTAS</logger>
  <level>FINE</level>
  <message>File 118110808-HIGOR SANTOS DE BRITO DANTAS.zip was received. It was sent by HIGOR SANTOS DE BRITO DANTAS from IP 192.168.15.7</message>
</record>
</log>
<?xml version="1.0" encoding="UTF-8" standalone="no"?>
<!DOCTYPE log SYSTEM "logger.dtd">
<log>
<record>
  <date>2019-04-02T00:25:55.164-0300</date>
  <logger>HIGOR SANTOS DE BRITO DANTAS</logger>
  <level>FINE</level>
  <message>File 118110808-HIGOR SANTOS DE BRITO DANTAS.zip was received. It was sent by HIGOR SANTOS DE BRITO DANTAS from IP 192.168.15.7</message>
</record>
