<?xml version="1.0" encoding="UTF-8" standalone="no"?>
<!DOCTYPE log SYSTEM "logger.dtd">
<log>
<record>
  <date>2019-04-04T14:14:20.277-0300</date>
  <logger>HIGOR SANTOS DE BRITO DANTAS</logger>
  <level>FINE</level>
  <message>File 118110808-HIGOR SANTOS DE BRITO DANTAS.zip was received. It was sent by HIGOR SANTOS DE BRITO DANTAS from IP 150.165.42.165</message>
</record>
</log>
<?xml version="1.0" encoding="UTF-8" standalone="no"?>
<!DOCTYPE log SYSTEM "logger.dtd">
<log>
<record>
  <date>2019-04-04T14:21:28.511-0300</date>
  <logger>HIGOR SANTOS DE BRITO DANTAS</logger>
  <level>FINE</level>
  <message>File 118110808-HIGOR SANTOS DE BRITO DANTAS.zip was received. It was sent by HIGOR SANTOS DE BRITO DANTAS from IP 150.165.42.165</message>
</record>
</log>
<?xml version="1.0" encoding="UTF-8" standalone="no"?>
<!DOCTYPE log SYSTEM "logger.dtd">
<log>
<record>
  <date>2019-04-04T22:14:19.038-0300</date>
  <logger>HIGOR SANTOS DE BRITO DANTAS</logger>
  <level>FINE</level>
  <message>File 118110808-HIGOR SANTOS DE BRITO DANTAS.zip was received. It was sent by HIGOR SANTOS DE BRITO DANTAS from IP 192.168.15.10</message>
</record>
</log>
<?xml version="1.0" encoding="UTF-8" standalone="no"?>
<!DOCTYPE log SYSTEM "logger.dtd">
<log>
<record>
  <date>2019-04-04T22:15:21.045-0300</date>
  <logger>HIGOR SANTOS DE BRITO DANTAS</logger>
  <level>FINE</level>
  <message>File 118110808-HIGOR SANTOS DE BRITO DANTAS.zip was received. It was sent by HIGOR SANTOS DE BRITO DANTAS from IP 192.168.15.10</message>
</record>
</log>
<?xml version="1.0" encoding="UTF-8" standalone="no"?>
<!DOCTYPE log SYSTEM "logger.dtd">
<log>
<record>
  <date>2019-04-04T22:15:54.276-0300</date>
  <logger>HIGOR SANTOS DE BRITO DANTAS</logger>
  <level>FINE</level>
  <message>File 118110808-HIGOR SANTOS DE BRITO DANTAS.zip was received. It was sent by HIGOR SANTOS DE BRITO DANTAS from IP 192.168.15.10</message>
</record>
</log>
<?xml version="1.0" encoding="UTF-8" standalone="no"?>
<!DOCTYPE log SYSTEM "logger.dtd">
<log>
<record>
  <date>2019-04-04T22:16:29.970-0300</date>
  <logger>HIGOR SANTOS DE BRITO DANTAS</logger>
  <level>FINE</level>
  <message>File 118110808-HIGOR SANTOS DE BRITO DANTAS.zip was received. It was sent by HIGOR SANTOS DE BRITO DANTAS from IP 192.168.15.10</message>
</record>
</log>
<?xml version="1.0" encoding="UTF-8" standalone="no"?>
<!DOCTYPE log SYSTEM "logger.dtd">
<log>
<record>
  <date>2019-04-04T22:43:41.246-0300</date>
  <logger>HIGOR SANTOS DE BRITO DANTAS</logger>
  <level>FINE</level>
  <message>File 118110808-HIGOR SANTOS DE BRITO DANTAS.zip was received. It was sent by HIGOR SANTOS DE BRITO DANTAS from IP 192.168.15.10</message>
</record>
</log>
<?xml version="1.0" encoding="UTF-8" standalone="no"?>
<!DOCTYPE log SYSTEM "logger.dtd">
<log>
<record>
  <date>2019-04-04T22:45:08.972-0300</date>
  <logger>HIGOR SANTOS DE BRITO DANTAS</logger>
  <level>FINE</level>
  <message>File 118110808-HIGOR SANTOS DE BRITO DANTAS.zip was received. It was sent by HIGOR SANTOS DE BRITO DANTAS from IP 192.168.15.10</message>
</record>
</log>
<?xml version="1.0" encoding="UTF-8" standalone="no"?>
<!DOCTYPE log SYSTEM "logger.dtd">
<log>
<record>
  <date>2019-04-04T22:45:55.104-0300</date>
  <logger>HIGOR SANTOS DE BRITO DANTAS</logger>
  <level>FINE</level>
  <message>File 118110808-HIGOR SANTOS DE BRITO DANTAS.zip was received. It was sent by HIGOR SANTOS DE BRITO DANTAS from IP 192.168.15.10</message>
</record>
</log>
<?xml version="1.0" encoding="UTF-8" standalone="no"?>
<!DOCTYPE log SYSTEM "logger.dtd">
<log>
<record>
  <date>2019-04-04T23:39:06.209-0300</date>
  <logger>HIGOR SANTOS DE BRITO DANTAS</logger>
  <level>FINE</level>
  <message>File 118110808-HIGOR SANTOS DE BRITO DANTAS.zip was received. It was sent by HIGOR SANTOS DE BRITO DANTAS from IP 192.168.15.10</message>
</record>
