<?xml version="1.0" encoding="UTF-8" standalone="no"?>
<!DOCTYPE log SYSTEM "logger.dtd">
<log>
<record>
  <date>2019-04-22T16:05:25.689-0300</date>
  <logger>HIGOR SANTOS DE BRITO DANTAS</logger>
  <level>FINE</level>
  <message>File 118110808-HIGOR SANTOS DE BRITO DANTAS.zip was received. It was sent by HIGOR SANTOS DE BRITO DANTAS from IP 150.165.74.137</message>
</record>
</log>
<?xml version="1.0" encoding="UTF-8" standalone="no"?>
<!DOCTYPE log SYSTEM "logger.dtd">
<log>
<record>
  <date>2019-04-24T00:26:31.907-0300</date>
  <logger>HIGOR SANTOS DE BRITO DANTAS</logger>
  <level>FINE</level>
  <message>File 118110808-HIGOR SANTOS DE BRITO DANTAS.zip was received. It was sent by HIGOR SANTOS DE BRITO DANTAS from IP 192.168.15.10</message>
</record>
</log>
<?xml version="1.0" encoding="UTF-8" standalone="no"?>
<!DOCTYPE log SYSTEM "logger.dtd">
<log>
<record>
  <date>2019-04-24T14:36:41.053-0300</date>
  <logger>HIGOR SANTOS DE BRITO DANTAS</logger>
  <level>FINE</level>
  <message>File 118110808-HIGOR SANTOS DE BRITO DANTAS.zip was received. It was sent by HIGOR SANTOS DE BRITO DANTAS from IP 150.165.74.129</message>
</record>
