<?xml version="1.0" encoding="UTF-8" standalone="no"?>
<!DOCTYPE log SYSTEM "logger.dtd">
<log>
<record>
  <date>2019-03-28T14:35:33.435-0300</date>
  <logger>HIGOR SANTOS DE BRITO DANTAS</logger>
  <level>FINE</level>
  <message>File 118110808-HIGOR SANTOS DE BRITO DANTAS.zip was received. It was sent by HIGOR SANTOS DE BRITO DANTAS from IP 150.165.42.164</message>
</record>
</log>
<?xml version="1.0" encoding="UTF-8" standalone="no"?>
<!DOCTYPE log SYSTEM "logger.dtd">
<log>
<record>
  <date>2019-03-28T16:28:15.954-0300</date>
  <logger>HIGOR SANTOS DE BRITO DANTAS</logger>
  <level>FINE</level>
  <message>File 118110808-HIGOR SANTOS DE BRITO DANTAS.zip was received. It was sent by HIGOR SANTOS DE BRITO DANTAS from IP 150.165.74.130</message>
</record>
</log>
<?xml version="1.0" encoding="UTF-8" standalone="no"?>
<!DOCTYPE log SYSTEM "logger.dtd">
<log>
<record>
  <date>2019-03-28T20:04:05.408-0300</date>
  <logger>HIGOR SANTOS DE BRITO DANTAS</logger>
  <level>FINE</level>
  <message>File 118110808-HIGOR SANTOS DE BRITO DANTAS.zip was received. It was sent by HIGOR SANTOS DE BRITO DANTAS from IP 192.168.15.7</message>
</record>
</log>
<?xml version="1.0" encoding="UTF-8" standalone="no"?>
<!DOCTYPE log SYSTEM "logger.dtd">
<log>
<record>
  <date>2019-03-28T22:51:28.991-0300</date>
  <logger>HIGOR SANTOS DE BRITO DANTAS</logger>
  <level>FINE</level>
  <message>File 118110808-HIGOR SANTOS DE BRITO DANTAS.zip was received. It was sent by HIGOR SANTOS DE BRITO DANTAS from IP 192.168.15.7</message>
</record>
</log>
<?xml version="1.0" encoding="UTF-8" standalone="no"?>
<!DOCTYPE log SYSTEM "logger.dtd">
<log>
<record>
  <date>2019-03-28T23:48:44.970-0300</date>
  <logger>HIGOR SANTOS DE BRITO DANTAS</logger>
  <level>FINE</level>
  <message>File 118110808-HIGOR SANTOS DE BRITO DANTAS.zip was received. It was sent by HIGOR SANTOS DE BRITO DANTAS from IP 192.168.15.7</message>
</record>
</log>
<?xml version="1.0" encoding="UTF-8" standalone="no"?>
<!DOCTYPE log SYSTEM "logger.dtd">
<log>
<record>
  <date>2019-03-28T23:51:34.119-0300</date>
  <logger>HIGOR SANTOS DE BRITO DANTAS</logger>
  <level>FINE</level>
  <message>File 118110808-HIGOR SANTOS DE BRITO DANTAS.zip was received. It was sent by HIGOR SANTOS DE BRITO DANTAS from IP 192.168.15.7</message>
</record>
